#
# A fatal error has been detected by the Java Runtime Environment:
#
#  EXCEPTION_ACCESS_VIOLATION (0xc0000005) at pc=0x000000006826fca0, pid=8404, tid=0x0000000000002bb4
#
# JRE version: Java(TM) SE Runtime Environment (8.0_131-b11) (build 1.8.0_131-b11)
# Java VM: Java HotSpot(TM) 64-Bit Server VM (25.131-b11 mixed mode windows-amd64 compressed oops)
# Problematic frame:
# V  [jvm.dll+0xafca0]
#
# Failed to write core dump. Minidumps are not enabled by default on client versions of Windows
#
# If you would like to submit a bug report, please visit:
#   http://bugreport.java.com/bugreport/crash.jsp
#

---------------  T H R E A D  ---------------

Current thread (0x0000000002a5a000):  GCTaskThread [stack: 0x00000000125d0000,0x00000000126d0000] [id=11188]

siginfo: ExceptionCode=0xc0000005, reading address 0x0000000773241088

Registers:
RAX=0x0000000000000001, RBX=0x00000000ee9f8cd8, RCX=0x00000000ee9f8cd8, RDX=0x0000000773241080
RSP=0x00000000126cf6d8, RBP=0x0000000011f02e81, RSI=0x0000000002b2b4c0, RDI=0x00000000a51c8600
R8 =0x0000000002b2b4c0, R9 =0x0000000000000009, R10=0x0000000000000008, R11=0x00000000ed7ad430
R12=0x0000000011f02e29, R13=0x0000001100026385, R14=0x0000000000000000, R15=0x0000000002a51fa0
RIP=0x000000006826fca0, EFLAGS=0x0000000000010202

Top of Stack: (sp=0x00000000126cf6d8)
0x00000000126cf6d8:   00000000685c0db2 00000000ee979e10
0x00000000126cf6e8:   0000000000000005 0000000002b2b4c0
0x00000000126cf6f8:   00000000a587ff6c 00000000ed7a5440
0x00000000126cf708:   0000000000001000 0000000000000004
0x00000000126cf718:   00000000685bf139 0000000000000000
0x00000000126cf728:   0000000002b2b400 0000000011f02e29
0x00000000126cf738:   00000000685c1120 00000000ed7a570c
0x00000000126cf748:   0000000011f02e81 0000000002b2b4c0
0x00000000126cf758:   00000000a51c8600 00000000ed7a570c
0x00000000126cf768:   00000000685c1cc5 00000000ee978d08
0x00000000126cf778:   0000000011f02e81 0000000002b2b4c0
0x00000000126cf788:   0000000000000002 0000000008570003
0x00000000126cf798:   00000000685c056b 00000000a4e0fc8c
0x00000000126cf7a8:   00000000682d54b7 0000000002b2b4c0
0x00000000126cf7b8:   00000000682d36c3 00000000a51c4d2d
0x00000000126cf7c8:   00000000a51c4d2d 00000000a51c84b8 

Instructions: (pc=0x000000006826fca0)
0x000000006826fc80:   9c bc 1d 00 48 8b 9c 24 d0 00 00 00 48 81 c4 c0
0x000000006826fc90:   00 00 00 5d c3 cc cc cc cc cc cc cc cc cc cc cc
0x000000006826fca0:   44 8b 42 08 4c 8b ca 45 85 c0 7e 0e 41 f6 c0 01
0x000000006826fcb0:   75 57 41 c1 f8 03 41 8b c0 c3 79 4d 80 3d ee d6 


Register to memory mapping:

RAX=0x0000000000000001 is an unknown value
RBX=0x00000000ee9f8cd8 is an oop

[error occurred during error reporting (printing register info), id 0xc0000005]

Stack: [0x00000000125d0000,0x00000000126d0000],  sp=0x00000000126cf6d8,  free space=1021k
Native frames: (J=compiled Java code, j=interpreted, Vv=VM code, C=native code)
V  [jvm.dll+0xafca0]


---------------  P R O C E S S  ---------------

Java Threads: ( => current thread )
  0x0000000017b78800 JavaThread "Service Thread" daemon [_thread_blocked, id=5900, stack(0x0000000017f50000,0x0000000018050000)]
  0x00000000161f5800 JavaThread "C1 CompilerThread2" daemon [_thread_blocked, id=7560, stack(0x0000000017a50000,0x0000000017b50000)]
  0x00000000161f2000 JavaThread "C2 CompilerThread1" daemon [_thread_blocked, id=8316, stack(0x0000000017950000,0x0000000017a50000)]
  0x00000000161ee800 JavaThread "C2 CompilerThread0" daemon [_thread_blocked, id=8296, stack(0x0000000017850000,0x0000000017950000)]
  0x00000000161ed000 JavaThread "Attach Listener" daemon [_thread_blocked, id=11236, stack(0x0000000017750000,0x0000000017850000)]
  0x00000000161e9800 JavaThread "Signal Dispatcher" daemon [_thread_blocked, id=8544, stack(0x0000000017650000,0x0000000017750000)]
  0x00000000161d9000 JavaThread "Finalizer" daemon [_thread_blocked, id=8180, stack(0x0000000017450000,0x0000000017550000)]
  0x0000000002b31000 JavaThread "Reference Handler" daemon [_thread_blocked, id=8112, stack(0x0000000017350000,0x0000000017450000)]
  0x0000000002a41000 JavaThread "main" [_thread_blocked, id=7544, stack(0x00000000028b0000,0x00000000029b0000)]

Other Threads:
  0x00000000161b7000 VMThread [stack: 0x0000000017250000,0x0000000017350000] [id=8460]
  0x0000000017ba3000 WatcherThread [stack: 0x0000000018050000,0x0000000018150000] [id=4520]

=>0x0000000002a5a000 (exited) GCTaskThread [stack: 0x00000000125d0000,0x00000000126d0000] [id=11188]

VM state:at safepoint (normal execution)

VM Mutex/Monitor currently owned by a thread:  ([mutex/lock_event])
[0x00000000029bc580] Threads_lock - owner thread: 0x00000000161b7000
[0x00000000029bec10] Heap_lock - owner thread: 0x0000000002a41000

Heap:
 PSYoungGen      total 153600K, used 91087K [0x00000000e1980000, 0x00000000eee80000, 0x0000000100000000)
  eden space 140288K, 55% used [0x00000000e1980000,0x00000000e657a528,0x00000000ea280000)
  from space 13312K, 99% used [0x00000000ee180000,0x00000000eee796e8,0x00000000eee80000)
  to   space 16384K, 94% used [0x00000000ece80000,0x00000000eddad460,0x00000000ede80000)
 ParOldGen       total 63488K, used 23617K [0x00000000a4c00000, 0x00000000a8a00000, 0x00000000e1980000)
  object space 63488K, 37% used [0x00000000a4c00000,0x00000000a63104c8,0x00000000a8a00000)
 Metaspace       used 26057K, capacity 26708K, committed 27008K, reserved 1073152K
  class space    used 2974K, capacity 3159K, committed 3200K, reserved 1048576K

Card table byte_map: [0x0000000011f00000,0x00000000121e0000] byte_map_base: 0x00000000119da000

Marking Bits: (ParMarkBitMap*) 0x00000000689dc720
 Begin Bits: [0x00000000127d0000, 0x0000000013ea0000)
 End Bits:   [0x0000000013ea0000, 0x0000000015570000)

Polling page: 0x00000000029c0000

CodeCache: size=245760Kb used=20793Kb max_used=20804Kb free=224966Kb
 bounds [0x0000000002b40000, 0x0000000003fb0000, 0x0000000011b40000]
 total_blobs=5742 nmethods=5334 adapters=319
 compilation: enabled

Compilation events (10 events):
Event: 16.787 Thread 0x00000000161f5800 nmethod 6048 0x0000000003f9ff50 code [0x0000000003fa0120, 0x0000000003fa0918]
Event: 16.787 Thread 0x00000000161f5800 6045       3       org.slf4j.impl.SimpleLoggerFactory::getLogger (57 bytes)
Event: 16.788 Thread 0x00000000161f5800 nmethod 6045 0x0000000003f85910 code [0x0000000003f85ac0, 0x0000000003f860e8]
Event: 16.911 Thread 0x00000000161f5800 6049   !   3       java.lang.ClassLoader::definePackage (77 bytes)
Event: 16.911 Thread 0x00000000161f5800 nmethod 6049 0x0000000003fa0b90 code [0x0000000003fa0d40, 0x0000000003fa13f8]
Event: 16.933 Thread 0x00000000161f2000 6050       4       sun.nio.cs.UTF_8::access$200 (8 bytes)
Event: 16.935 Thread 0x00000000161f2000 nmethod 6050 0x0000000003fa4710 code [0x0000000003fa4880, 0x0000000003fa4b78]
Event: 16.935 Thread 0x00000000161f2000 6051       4       sun.nio.cs.UTF_8::updatePositions (23 bytes)
Event: 16.937 Thread 0x00000000161f2000 nmethod 6051 0x0000000003fa50d0 code [0x0000000003fa5240, 0x0000000003fa5538]
Event: 16.942 Thread 0x00000000161f5800 6052       3       java.util.Formatter$Flags::contains (22 bytes)

GC Heap History (10 events):
Event: 2.250 GC heap after
Heap after GC invocations=5 (full 0):
 PSYoungGen      total 51712K, used 3568K [0x00000000e1980000, 0x00000000e8780000, 0x0000000100000000)
  eden space 48128K, 0% used [0x00000000e1980000,0x00000000e1980000,0x00000000e4880000)
  from space 3584K, 99% used [0x00000000e4880000,0x00000000e4bfc050,0x00000000e4c00000)
  to   space 8192K, 0% used [0x00000000e7f80000,0x00000000e7f80000,0x00000000e8780000)
 ParOldGen       total 62976K, used 10715K [0x00000000a4c00000, 0x00000000a8980000, 0x00000000e1980000)
  object space 62976K, 17% used [0x00000000a4c00000,0x00000000a5676cc0,0x00000000a8980000)
 Metaspace       used 15137K, capacity 15422K, committed 15488K, reserved 1062912K
  class space    used 1820K, capacity 1919K, committed 1920K, reserved 1048576K
}
Event: 4.821 GC heap before
{Heap before GC invocations=6 (full 0):
 PSYoungGen      total 51712K, used 51696K [0x00000000e1980000, 0x00000000e8780000, 0x0000000100000000)
  eden space 48128K, 100% used [0x00000000e1980000,0x00000000e4880000,0x00000000e4880000)
  from space 3584K, 99% used [0x00000000e4880000,0x00000000e4bfc050,0x00000000e4c00000)
  to   space 8192K, 0% used [0x00000000e7f80000,0x00000000e7f80000,0x00000000e8780000)
 ParOldGen       total 62976K, used 10715K [0x00000000a4c00000, 0x00000000a8980000, 0x00000000e1980000)
  object space 62976K, 17% used [0x00000000a4c00000,0x00000000a5676cc0,0x00000000a8980000)
 Metaspace       used 16453K, capacity 16870K, committed 17024K, reserved 1064960K
  class space    used 1945K, capacity 2063K, committed 2176K, reserved 1048576K
Event: 4.831 GC heap after
Heap after GC invocations=6 (full 0):
 PSYoungGen      total 103936K, used 7017K [0x00000000e1980000, 0x00000000e8880000, 0x0000000100000000)
  eden space 95744K, 0% used [0x00000000e1980000,0x00000000e1980000,0x00000000e7700000)
  from space 8192K, 85% used [0x00000000e7f80000,0x00000000e865a4d8,0x00000000e8780000)
  to   space 8704K, 0% used [0x00000000e7700000,0x00000000e7700000,0x00000000e7f80000)
 ParOldGen       total 62976K, used 10715K [0x00000000a4c00000, 0x00000000a8980000, 0x00000000e1980000)
  object space 62976K, 17% used [0x00000000a4c00000,0x00000000a5676cc0,0x00000000a8980000)
 Metaspace       used 16453K, capacity 16870K, committed 17024K, reserved 1064960K
  class space    used 1945K, capacity 2063K, committed 2176K, reserved 1048576K
}
Event: 5.668 GC heap before
{Heap before GC invocations=7 (full 0):
 PSYoungGen      total 103936K, used 99986K [0x00000000e1980000, 0x00000000e8880000, 0x0000000100000000)
  eden space 95744K, 97% used [0x00000000e1980000,0x00000000e744a698,0x00000000e7700000)
  from space 8192K, 85% used [0x00000000e7f80000,0x00000000e865a4d8,0x00000000e8780000)
  to   space 8704K, 0% used [0x00000000e7700000,0x00000000e7700000,0x00000000e7f80000)
 ParOldGen       total 62976K, used 10715K [0x00000000a4c00000, 0x00000000a8980000, 0x00000000e1980000)
  object space 62976K, 17% used [0x00000000a4c00000,0x00000000a5676cc0,0x00000000a8980000)
 Metaspace       used 20718K, capacity 21146K, committed 21296K, reserved 1069056K
  class space    used 2481K, capacity 2615K, committed 2688K, reserved 1048576K
Event: 5.695 GC heap after
Heap after GC invocations=7 (full 0):
 PSYoungGen      total 104448K, used 8687K [0x00000000e1980000, 0x00000000eee80000, 0x0000000100000000)
  eden space 95744K, 0% used [0x00000000e1980000,0x00000000e1980000,0x00000000e7700000)
  from space 8704K, 99% used [0x00000000e7700000,0x00000000e7f7be90,0x00000000e7f80000)
  to   space 13312K, 0% used [0x00000000ee180000,0x00000000ee180000,0x00000000eee80000)
 ParOldGen       total 62976K, used 17943K [0x00000000a4c00000, 0x00000000a8980000, 0x00000000e1980000)
  object space 62976K, 28% used [0x00000000a4c00000,0x00000000a5d85d60,0x00000000a8980000)
 Metaspace       used 20718K, capacity 21146K, committed 21296K, reserved 1069056K
  class space    used 2481K, capacity 2615K, committed 2688K, reserved 1048576K
}
Event: 5.695 GC heap before
{Heap before GC invocations=8 (full 1):
 PSYoungGen      total 104448K, used 8687K [0x00000000e1980000, 0x00000000eee80000, 0x0000000100000000)
  eden space 95744K, 0% used [0x00000000e1980000,0x00000000e1980000,0x00000000e7700000)
  from space 8704K, 99% used [0x00000000e7700000,0x00000000e7f7be90,0x00000000e7f80000)
  to   space 13312K, 0% used [0x00000000ee180000,0x00000000ee180000,0x00000000eee80000)
 ParOldGen       total 62976K, used 17943K [0x00000000a4c00000, 0x00000000a8980000, 0x00000000e1980000)
  object space 62976K, 28% used [0x00000000a4c00000,0x00000000a5d85d60,0x00000000a8980000)
 Metaspace       used 20718K, capacity 21146K, committed 21296K, reserved 1069056K
  class space    used 2481K, capacity 2615K, committed 2688K, reserved 1048576K
Event: 5.790 GC heap after
Heap after GC invocations=8 (full 1):
 PSYoungGen      total 104448K, used 0K [0x00000000e1980000, 0x00000000eee80000, 0x0000000100000000)
  eden space 95744K, 0% used [0x00000000e1980000,0x00000000e1980000,0x00000000e7700000)
  from space 8704K, 0% used [0x00000000e7700000,0x00000000e7700000,0x00000000e7f80000)
  to   space 13312K, 0% used [0x00000000ee180000,0x00000000ee180000,0x00000000eee80000)
 ParOldGen       total 63488K, used 20460K [0x00000000a4c00000, 0x00000000a8a00000, 0x00000000e1980000)
  object space 63488K, 32% used [0x00000000a4c00000,0x00000000a5ffb340,0x00000000a8a00000)
 Metaspace       used 20718K, capacity 21146K, committed 21296K, reserved 1069056K
  class space    used 2481K, capacity 2615K, committed 2688K, reserved 1048576K
}
Event: 7.708 GC heap before
{Heap before GC invocations=9 (full 1):
 PSYoungGen      total 104448K, used 95744K [0x00000000e1980000, 0x00000000eee80000, 0x0000000100000000)
  eden space 95744K, 100% used [0x00000000e1980000,0x00000000e7700000,0x00000000e7700000)
  from space 8704K, 0% used [0x00000000e7700000,0x00000000e7700000,0x00000000e7f80000)
  to   space 13312K, 0% used [0x00000000ee180000,0x00000000ee180000,0x00000000eee80000)
 ParOldGen       total 63488K, used 20460K [0x00000000a4c00000, 0x00000000a8a00000, 0x00000000e1980000)
  object space 63488K, 32% used [0x00000000a4c00000,0x00000000a5ffb340,0x00000000a8a00000)
 Metaspace       used 23011K, capacity 23482K, committed 23552K, reserved 1071104K
  class space    used 2619K, capacity 2775K, committed 2816K, reserved 1048576K
Event: 7.726 GC heap after
Heap after GC invocations=9 (full 1):
 PSYoungGen      total 153600K, used 13285K [0x00000000e1980000, 0x00000000eee80000, 0x0000000100000000)
  eden space 140288K, 0% used [0x00000000e1980000,0x00000000e1980000,0x00000000ea280000)
  from space 13312K, 99% used [0x00000000ee180000,0x00000000eee796e8,0x00000000eee80000)
  to   space 16384K, 0% used [0x00000000ece80000,0x00000000ece80000,0x00000000ede80000)
 ParOldGen       total 63488K, used 23609K [0x00000000a4c00000, 0x00000000a8a00000, 0x00000000e1980000)
  object space 63488K, 37% used [0x00000000a4c00000,0x00000000a630e4c8,0x00000000a8a00000)
 Metaspace       used 23011K, capacity 23482K, committed 23552K, reserved 1071104K
  class space    used 2619K, capacity 2775K, committed 2816K, reserved 1048576K
}
Event: 16.953 GC heap before
{Heap before GC invocations=10 (full 1):
 PSYoungGen      total 153600K, used 91087K [0x00000000e1980000, 0x00000000eee80000, 0x0000000100000000)
  eden space 140288K, 55% used [0x00000000e1980000,0x00000000e657a528,0x00000000ea280000)
  from space 13312K, 99% used [0x00000000ee180000,0x00000000eee796e8,0x00000000eee80000)
  to   space 16384K, 0% used [0x00000000ece80000,0x00000000ece80000,0x00000000ede80000)
 ParOldGen       total 63488K, used 23609K [0x00000000a4c00000, 0x00000000a8a00000, 0x00000000e1980000)
  object space 63488K, 37% used [0x00000000a4c00000,0x00000000a630e4c8,0x00000000a8a00000)
 Metaspace       used 26057K, capacity 26708K, committed 27008K, reserved 1073152K
  class space    used 2974K, capacity 3159K, committed 3200K, reserved 1048576K

Deoptimization events (10 events):
Event: 13.322 Thread 0x0000000002a41000 Uncommon trap: reason=unstable_if action=reinterpret pc=0x0000000002cb0d9c method=sun.nio.cs.UTF_8$Encoder.encode([CII[B)I @ 33
Event: 16.410 Thread 0x0000000002a41000 Uncommon trap: reason=class_check action=maybe_recompile pc=0x000000000320d1c0 method=java.util.Hashtable.get(Ljava/lang/Object;)Ljava/lang/Object; @ 6
Event: 16.411 Thread 0x0000000002a41000 Uncommon trap: reason=class_check action=maybe_recompile pc=0x000000000320d1c0 method=java.util.Hashtable.get(Ljava/lang/Object;)Ljava/lang/Object; @ 6
Event: 16.411 Thread 0x0000000002a41000 Uncommon trap: reason=class_check action=maybe_recompile pc=0x000000000320d1c0 method=java.util.Hashtable.get(Ljava/lang/Object;)Ljava/lang/Object; @ 6
Event: 16.411 Thread 0x0000000002a41000 Uncommon trap: reason=class_check action=maybe_recompile pc=0x000000000320d1c0 method=java.util.Hashtable.get(Ljava/lang/Object;)Ljava/lang/Object; @ 6
Event: 16.942 Thread 0x0000000002a41000 Uncommon trap: reason=unstable_if action=reinterpret pc=0x00000000030b50d8 method=java.util.Formatter$Flags.contains(Ljava/util/Formatter$Flags;)Z @ 13
Event: 16.942 Thread 0x0000000002a41000 Uncommon trap: reason=class_check action=maybe_recompile pc=0x0000000003d38048 method=java.lang.AbstractStringBuilder.append(Ljava/lang/CharSequence;)Ljava/lang/AbstractStringBuilder; @ 10
Event: 16.942 Thread 0x0000000002a41000 Uncommon trap: reason=class_check action=maybe_recompile pc=0x0000000003d38048 method=java.lang.AbstractStringBuilder.append(Ljava/lang/CharSequence;)Ljava/lang/AbstractStringBuilder; @ 10
Event: 16.942 Thread 0x0000000002a41000 Uncommon trap: reason=class_check action=maybe_recompile pc=0x0000000003d38048 method=java.lang.AbstractStringBuilder.append(Ljava/lang/CharSequence;)Ljava/lang/AbstractStringBuilder; @ 10
Event: 16.942 Thread 0x0000000002a41000 Uncommon trap: reason=class_check action=maybe_recompile pc=0x0000000003d38048 method=java.lang.AbstractStringBuilder.append(Ljava/lang/CharSequence;)Ljava/lang/AbstractStringBuilder; @ 10

Internal exceptions (10 events):
Event: 4.795 Thread 0x0000000002a41000 Implicit null exception at 0x00000000034eeb9d to 0x00000000034efe82
Event: 4.914 Thread 0x0000000002a41000 Exception <a 'java/lang/ClassNotFoundException': com/sun/tools/javac/api/JavacTool> (0x00000000e231d2b0) thrown at [C:\re\workspace\8-2-build-windows-amd64-cygwin\jdk8u131\8869\hotspot\src\share\vm\classfile\systemDictionary.cpp, line 210]
Event: 5.429 Thread 0x0000000002a41000 Exception <a 'java/security/PrivilegedActionException'> (0x00000000e636d9f8) thrown at [C:\re\workspace\8-2-build-windows-amd64-cygwin\jdk8u131\8869\hotspot\src\share\vm\prims\jvm.cpp, line 1390]
Event: 5.429 Thread 0x0000000002a41000 Exception <a 'java/security/PrivilegedActionException'> (0x00000000e636ddf0) thrown at [C:\re\workspace\8-2-build-windows-amd64-cygwin\jdk8u131\8869\hotspot\src\share\vm\prims\jvm.cpp, line 1390]
Event: 5.430 Thread 0x0000000002a41000 Exception <a 'java/security/PrivilegedActionException'> (0x00000000e636f430) thrown at [C:\re\workspace\8-2-build-windows-amd64-cygwin\jdk8u131\8869\hotspot\src\share\vm\prims\jvm.cpp, line 1390]
Event: 5.430 Thread 0x0000000002a41000 Exception <a 'java/security/PrivilegedActionException'> (0x00000000e636f828) thrown at [C:\re\workspace\8-2-build-windows-amd64-cygwin\jdk8u131\8869\hotspot\src\share\vm\prims\jvm.cpp, line 1390]
Event: 5.875 Thread 0x0000000002a41000 Exception <a 'java/io/FileNotFoundException'> (0x00000000e1daca68) thrown at [C:\re\workspace\8-2-build-windows-amd64-cygwin\jdk8u131\8869\hotspot\src\share\vm\prims\jni.cpp, line 709]
Event: 5.877 Thread 0x0000000002a41000 Exception <a 'java/io/FileNotFoundException'> (0x00000000e1de13d8) thrown at [C:\re\workspace\8-2-build-windows-amd64-cygwin\jdk8u131\8869\hotspot\src\share\vm\prims\jni.cpp, line 709]
Event: 5.905 Thread 0x0000000002a41000 Exception <a 'java/io/FileNotFoundException'> (0x00000000e22dec20) thrown at [C:\re\workspace\8-2-build-windows-amd64-cygwin\jdk8u131\8869\hotspot\src\share\vm\prims\jni.cpp, line 709]
Event: 9.698 Thread 0x0000000002a41000 Implicit null exception at 0x0000000002eb943b to 0x0000000002eb99f9

Events (10 events):
Event: 16.942 Thread 0x0000000002a41000 Uncommon trap: trap_request=0xffffffde fr.pc=0x0000000003d38048
Event: 16.942 Thread 0x0000000002a41000 DEOPT PACKING pc=0x0000000003d38048 sp=0x00000000029add20
Event: 16.942 Thread 0x0000000002a41000 DEOPT UNPACKING pc=0x0000000002b8582a sp=0x00000000029add18 mode 2
Event: 16.942 Thread 0x0000000002a41000 Uncommon trap: trap_request=0xffffffde fr.pc=0x0000000003d38048
Event: 16.942 Thread 0x0000000002a41000 DEOPT PACKING pc=0x0000000003d38048 sp=0x00000000029add20
Event: 16.942 Thread 0x0000000002a41000 DEOPT UNPACKING pc=0x0000000002b8582a sp=0x00000000029add18 mode 2
Event: 16.942 Thread 0x0000000002a41000 Uncommon trap: trap_request=0xffffffde fr.pc=0x0000000003d38048
Event: 16.942 Thread 0x0000000002a41000 DEOPT PACKING pc=0x0000000003d38048 sp=0x00000000029add20
Event: 16.942 Thread 0x0000000002a41000 DEOPT UNPACKING pc=0x0000000002b8582a sp=0x00000000029add18 mode 2
Event: 16.942 Executing VM operation: ParallelGCSystemGC


Dynamic libraries:
0x00007ff7a61e0000 - 0x00007ff7a6217000 	C:\Program Files\Java\jdk1.8.0_131\bin\javaw.exe
0x00007ffa954a0000 - 0x00007ffa95671000 	C:\Windows\SYSTEM32\ntdll.dll
0x00007ffa93350000 - 0x00007ffa933fc000 	C:\Windows\System32\KERNEL32.DLL
0x00007ffa927f0000 - 0x00007ffa92a0d000 	C:\Windows\System32\KERNELBASE.dll
0x00007ffa92a30000 - 0x00007ffa92ad2000 	C:\Windows\System32\ADVAPI32.dll
0x00007ffa93220000 - 0x00007ffa932be000 	C:\Windows\System32\msvcrt.dll
0x00007ffa932c0000 - 0x00007ffa93319000 	C:\Windows\System32\sechost.dll
0x00007ffa94d70000 - 0x00007ffa94e91000 	C:\Windows\System32\RPCRT4.dll
0x00007ffa94bf0000 - 0x00007ffa94d55000 	C:\Windows\System32\USER32.dll
0x00007ffa92a10000 - 0x00007ffa92a2e000 	C:\Windows\System32\win32u.dll
0x00007ffa95030000 - 0x00007ffa95064000 	C:\Windows\System32\GDI32.dll
0x00007ffa924e0000 - 0x00007ffa92662000 	C:\Windows\System32\gdi32full.dll
0x00007ffa87510000 - 0x00007ffa8778a000 	C:\Windows\WinSxS\amd64_microsoft.windows.common-controls_6595b64144ccf1df_6.0.14393.953_none_42151e83c686086b\COMCTL32.dll
0x00007ffa92ce0000 - 0x00007ffa92fa8000 	C:\Windows\System32\combase.dll
0x00007ffa92120000 - 0x00007ffa92215000 	C:\Windows\System32\ucrtbase.dll
0x00007ffa92780000 - 0x00007ffa927ea000 	C:\Windows\System32\bcryptPrimitives.dll
0x00007ffa92fb0000 - 0x00007ffa92fde000 	C:\Windows\System32\IMM32.DLL
0x0000000068a60000 - 0x0000000068b32000 	C:\Program Files\Java\jdk1.8.0_131\jre\bin\msvcr100.dll
0x00000000681c0000 - 0x0000000068a5c000 	C:\Program Files\Java\jdk1.8.0_131\jre\bin\server\jvm.dll
0x00007ffa94d60000 - 0x00007ffa94d68000 	C:\Windows\System32\PSAPI.DLL
0x00007ffa82440000 - 0x00007ffa82449000 	C:\Windows\SYSTEM32\WSOCK32.dll
0x00007ffa94a80000 - 0x00007ffa94aea000 	C:\Windows\System32\WS2_32.dll
0x00007ffa8e3f0000 - 0x00007ffa8e413000 	C:\Windows\SYSTEM32\WINMM.dll
0x00007ffa8ffb0000 - 0x00007ffa8ffba000 	C:\Windows\SYSTEM32\VERSION.dll
0x00007ffa8e3c0000 - 0x00007ffa8e3eb000 	C:\Windows\SYSTEM32\WINMMBASE.dll
0x00007ffa92490000 - 0x00007ffa924d2000 	C:\Windows\System32\cfgmgr32.dll
0x00000000681b0000 - 0x00000000681bf000 	C:\Program Files\Java\jdk1.8.0_131\jre\bin\verify.dll
0x0000000068180000 - 0x00000000681a9000 	C:\Program Files\Java\jdk1.8.0_131\jre\bin\java.dll
0x0000000068160000 - 0x0000000068176000 	C:\Program Files\Java\jdk1.8.0_131\jre\bin\zip.dll
0x00007ffa93570000 - 0x00007ffa94a78000 	C:\Windows\System32\SHELL32.dll
0x00007ffa91990000 - 0x00007ffa9206a000 	C:\Windows\System32\windows.storage.dll
0x00007ffa91930000 - 0x00007ffa9197c000 	C:\Windows\System32\powrprof.dll
0x00007ffa94fd0000 - 0x00007ffa95022000 	C:\Windows\System32\shlwapi.dll
0x00007ffa91900000 - 0x00007ffa9190f000 	C:\Windows\System32\kernel.appcore.dll
0x00007ffa92070000 - 0x00007ffa92119000 	C:\Windows\System32\shcore.dll
0x00007ffa91910000 - 0x00007ffa91924000 	C:\Windows\System32\profapi.dll
0x0000000068130000 - 0x000000006814a000 	C:\Program Files\Java\jdk1.8.0_131\jre\bin\net.dll
0x00007ffa90fe0000 - 0x00007ffa9103c000 	C:\Windows\system32\mswsock.dll
0x0000000068110000 - 0x0000000068121000 	C:\Program Files\Java\jdk1.8.0_131\jre\bin\nio.dll
0x00007ffa85990000 - 0x00007ffa85b22000 	C:\Windows\SYSTEM32\dbghelp.dll

VM Arguments:
jvm_args: -Dmaven.home=EMBEDDED -Dclassworlds.conf=D:\Desenvolvimento\Java\Ambiente\.metadata\.plugins\org.eclipse.m2e.launching\launches\m2conf1277742069505664560.tmp -Dmaven.multiModuleProjectDirectory=D:\Desenvolvimento\Java\Ambiente\HelpDesk -Dfile.encoding=Cp1252 
java_command: org.codehaus.plexus.classworlds.launcher.Launcher -B install
java_class_path (initial): /D:/Eclipse Neon 3/plugins/org.eclipse.m2e.maven.runtime_1.7.0.20160603-1931/jars/plexus-classworlds-2.5.2.jar
Launcher Type: SUN_STANDARD

Environment Variables:
PATH=C:\Program Files (x86)\EasyPHP-DevServer-14.1VC11\binaries\php\php_runningversion;C:\Program Files (x86)\CollabNet;C:\Program Files (x86)\Embarcadero\Studio\15.0\bin;C:\Users\Jailson\Documents\Embarcadero\Studio\15.0\Bpl;C:\Program Files (x86)\Embarcadero\Studio\15.0\bin64;C:\Users\Jailson\Documents\Embarcadero\Studio\15.0\Bpl\Win64;C:\ProgramData\Oracle\Java\javapath;C:\Windows\system32;C:\Windows;C:\Windows\System32\Wbem;C:\Windows\System32\WindowsPowerShell\v1.0\;C:\Program Files\Microsoft SQL Server\110\DTS\Binn\;C:\Program Files (x86)\Microsoft SQL Server\110\Tools\Binn\;C:\Program Files\Microsoft SQL Server\110\Tools\Binn\;C:\Program Files (x86)\Microsoft SQL Server\110\Tools\Binn\ManagementStudio\;C:\Program Files (x86)\Microsoft Visual Studio 10.0\Common7\IDE\PrivateAssemblies\;C:\Program Files (x86)\Microsoft SQL Server\110\DTS\Binn\;C:\Program Files (x86)\Skype\Phone\;C:\Program Files (x86)\CAPPTA\CapptaGpPlus\OpenVpn\bin;C:\Users\Public\Documents\Embarcadero\Studio\15.0\Bpl;%USERPROFILE%\AppData\Local\Microsoft\WindowsApps;
USERNAME=Jailson
OS=Windows_NT
PROCESSOR_IDENTIFIER=Intel64 Family 6 Model 58 Stepping 9, GenuineIntel



---------------  S Y S T E M  ---------------

OS: Windows 10.0 , 64 bit Build 14393 (10.0.14393.1198)

CPU:total 4 (initial active 4) (4 cores per cpu, 1 threads per core) family 6 model 58 stepping 9, cmov, cx8, fxsr, mmx, sse, sse2, sse3, ssse3, sse4.1, sse4.2, popcnt, avx, aes, clmul, erms, tsc, tscinvbit, tscinv

Memory: 4k page, physical 5978056k(1422016k free), swap 10696648k(4378268k free)

vm_info: Java HotSpot(TM) 64-Bit Server VM (25.131-b11) for windows-amd64 JRE (1.8.0_131-b11), built on Mar 15 2017 01:23:53 by "java_re" with MS VC++ 10.0 (VS2010)

time: Fri May 26 17:21:46 2017
elapsed time: 17 seconds (0d 0h 0m 17s)

